<?xml version="1.0" encoding="UTF-8"?>
<!-- Generated by org.testng.reporters.JUnitReportReporter -->
<testsuite skipped="0" hostname="Yoonjoos-MacBook-Pro.local" name="TestNG.TestNGSe.TestRogersPromotion" tests="1" failures="0" timestamp="30 Oct 2018 00:46:19 GMT" time="15.597" errors="0">
  <testcase name="testHyperText" time="15.597" classname="TestNG.TestNGSe.TestRogersPromotion"/>
</testsuite> <!-- TestNG.TestNGSe.TestRogersPromotion -->
